<?xml version="1.0" encoding="UTF-8"?>
<!-- Generated by org.testng.reporters.JUnitReportReporter -->
<testsuite hostname="E0803342" failures="0" tests="1" name="Tests.Create_Campaign" time="43.869" errors="0" timestamp="2024-01-21T01:25:25 EET" skipped="0">
  <testcase classname="Tests.Create_Campaign" name="TC142_Delete_Campaign_Draft_status_VF_Support" time="43.869"/>
</testsuite> <!-- Tests.Create_Campaign -->
