<?xml version="1.0" encoding="UTF-8"?>
<!-- Generated by org.testng.reporters.JUnitReportReporter -->
<testsuite hostname="E0803342" failures="0" tests="1" name="Tests.CuentasTests" time="28.141" errors="0" timestamp="2024-01-28T15:42:40 EET" skipped="0">
  <testcase classname="Tests.CuentasTests" name="TC166_Account_Name_field_of_Business_Accounts_Editable_VF_Partner_Sales_manager" time="28.141"/>
</testsuite> <!-- Tests.CuentasTests -->
