<?xml version="1.0" encoding="UTF-8"?>
<!-- Generated by org.testng.reporters.JUnitReportReporter -->
<testsuite hostname="E0803342" failures="0" tests="1" name="Tests.LeadsTests" time="46.400" errors="0" timestamp="2024-01-22T11:22:03 EET" skipped="0">
  <testcase classname="Tests.LeadsTests" name="TC151_Automatic_status_change_with_only_the_owner_filed_updated_Vf_partner_sales_professional" time="46.400"/>
</testsuite> <!-- Tests.LeadsTests -->
