<?xml version="1.0" encoding="UTF-8"?>
<!-- Generated by org.testng.reporters.JUnitReportReporter -->
<testsuite hostname="E0803342" failures="0" tests="1" name="Tests.OPPs" time="12.119" errors="0" timestamp="2023-12-26T11:31:08 EET" skipped="0">
  <testcase classname="Tests.OPPs" name="Crear_campana" time="12.119"/>
</testsuite> <!-- Tests.OPPs -->
